<?xml version="1.0" encoding="UTF-8"?>
<testsuite name="org.example.service.TodoServiceTest" tests="1" skipped="0" failures="0" errors="0" timestamp="2021-08-25T12:01:00" hostname="desk-manjaro" time="0.425">
  <properties/>
  <testcase name="add()" classname="org.example.service.TodoServiceTest" time="0.425"/>
  <system-out><![CDATA[]]></system-out>
  <system-err><![CDATA[]]></system-err>
</testsuite>
